<?xml version="1.0" encoding="UTF-8"?>
<!-- Generated by org.testng.reporters.JUnitXMLReporter -->
<testsuite hostname="DESKTOP-DCN8BQG" ignored="2" name="Default test" tests="6" failures="0" timestamp="14 Oct 2020 08:13:12 GMT" time="40.415" errors="0">
  <testcase name="verifyLoginPageTitle" time="0.03" classname="com.qa.avaamo.testPages.IraChatBotTest"/>
  <testcase name="verifyWelcomeMessage" time="0.257" classname="com.qa.avaamo.testPages.IraChatBotTest"/>
  <testcase name="verifyNotificationClick" time="2.375" classname="com.qa.avaamo.testPages.IraChatBotTest"/>
  <testcase name="verifyGetStarted" time="2.86" classname="com.qa.avaamo.testPages.IraChatBotTest"/>
  <testcase name="getMessagesFromBot" time="2.335" classname="com.qa.avaamo.testPages.IraChatBotTest"/>
  <testcase name="sendQueryNewTest" time="14.365" classname="com.qa.avaamo.testPages.IraChatBotTest"/>
  <testcase name="getMenuOptions" time="0.0" classname="com.qa.avaamo.testPages.IraChatBotTest">
    <ignored/>
  </testcase> <!-- getMenuOptions -->
  <testcase name="sendQueryTestBot" time="0.0" classname="com.qa.avaamo.testPages.IraChatBotTest">
    <ignored/>
  </testcase> <!-- sendQueryTestBot -->
</testsuite> <!-- Default test -->
